0 info it worked if it ends with ok
1 verbose cli [ '/usr/bin/nodejs', '/usr/local/bin/npm', 'start' ]
2 info using npm@3.10.5
3 info using node@v6.7.0
4 verbose stack Error: ENOENT: no such file or directory, open '/home/oxid/Dropbox/Developpement/Associations/Luatix/openex/package.json'
4 verbose stack     at Error (native)
5 verbose cwd /home/oxid/Dropbox/Developpement/Associations/Luatix/openex
6 error Linux 4.4.0-38-generic
7 error argv "/usr/bin/nodejs" "/usr/local/bin/npm" "start"
8 error node v6.7.0
9 error npm  v3.10.5
10 error path /home/oxid/Dropbox/Developpement/Associations/Luatix/openex/package.json
11 error code ENOENT
12 error errno -2
13 error syscall open
14 error enoent ENOENT: no such file or directory, open '/home/oxid/Dropbox/Developpement/Associations/Luatix/openex/package.json'
15 error enoent ENOENT: no such file or directory, open '/home/oxid/Dropbox/Developpement/Associations/Luatix/openex/package.json'
15 error enoent This is most likely not a problem with npm itself
15 error enoent and is related to npm not being able to find a file.
16 verbose exit [ -2, true ]
